<?xml version="1.0" encoding="UTF-8"?>
<!-- Generated by org.testng.reporters.JUnitReportReporter -->
<testsuite hostname="LAPTOP-RQ5ADVUS" failures="0" tests="2" name="smartbuyProject.testCases" time="17.972" errors="0" timestamp="2024-03-23T06:51:21 EET" skipped="0">
  <testcase classname="smartbuyProject.testCases" name="signup" time="6.723"/>
  <system-out/>
  <testcase classname="smartbuyProject.testCases" name="login" time="11.249"/>
  <system-out/>
</testsuite> <!-- smartbuyProject.testCases -->
